<?xml version="1.0"?>
<testsuite name="OCSlimProjectExamplePage" tests="3" failures="0" disabled="0" errors="0" time="0.165">
    <testcase name="OCSlimProjectExamplePage.TestPage0" assertions="1" time="0.004">
        <system-out>FakeTestCase0?pageHistory&amp;resultDate=20160622121535</system-out>
    </testcase>
    <testcase name="OCSlimProjectExamplePage.TestPage1" assertions="1" time="0.004">
        <system-out>FakeTestCase1?pageHistory&amp;resultDate=20160622121535</system-out>
    </testcase>
    <testcase name="OCSlimProjectExamplePage.TestPage2" assertions="1" time="0.004">
        <system-out>FakeTestCase2?pageHistory&amp;resultDate=20160622121535</system-out>
    </testcase>
</testsuite>